#
# There is insufficient memory for the Java Runtime Environment to continue.
# Native memory allocation (malloc) failed to allocate 1048576 bytes for AllocateHeap
# Possible reasons:
#   The system is out of physical RAM or swap space
#   In 32 bit mode, the process size limit was hit
# Possible solutions:
#   Reduce memory load on the system
#   Increase physical memory or swap space
#   Check if swap backing store is full
#   Use 64 bit Java on a 64 bit OS
#   Decrease Java heap size (-Xmx/-Xms)
#   Decrease number of Java threads
#   Decrease Java thread stack sizes (-Xss)
#   Set larger code cache with -XX:ReservedCodeCacheSize=
# This output file may be truncated or incomplete.
#
#  Out of Memory Error (memory/allocation.inline.hpp:61), pid=13220, tid=0x0000000000002e78
#
# JRE version:  (8.0_101-b13) (build )
# Java VM: Java HotSpot(TM) 64-Bit Server VM (25.101-b13 mixed mode windows-amd64 compressed oops)
# Failed to write core dump. Minidumps are not enabled by default on client versions of Windows
#

---------------  T H R E A D  ---------------

Current thread (0x0000000000ece000):  JavaThread "Unknown thread" [_thread_in_vm, id=11896, stack(0x0000000002a50000,0x0000000002b50000)]

Stack: [0x0000000002a50000,0x0000000002b50000]
[error occurred during error reporting (printing stack bounds), id 0xc0000005]

Native frames: (J=compiled Java code, j=interpreted, Vv=VM code, C=native code)


---------------  P R O C E S S  ---------------

Java Threads: ( => current thread )

Other Threads:

=>0x0000000000ece000 (exited) JavaThread "Unknown thread" [_thread_in_vm, id=11896, stack(0x0000000002a50000,0x0000000002b50000)]

VM state:not at safepoint (normal execution)

VM Mutex/Monitor currently owned by a thread: None

Heap:
 PSYoungGen      total 38400K, used 665K [0x00000000d5d00000, 0x00000000d8780000, 0x0000000100000000)
  eden space 33280K, 2% used [0x00000000d5d00000,0x00000000d5da6670,0x00000000d7d80000)
  from space 5120K, 0% used [0x00000000d8280000,0x00000000d8280000,0x00000000d8780000)
  to   space 5120K, 0% used [0x00000000d7d80000,0x00000000d7d80000,0x00000000d8280000)
 ParOldGen       total 87552K, used 0K [0x0000000081600000, 0x0000000086b80000, 0x00000000d5d00000)
  object space 87552K, 0% used [0x0000000081600000,0x0000000081600000,0x0000000086b80000)
 Metaspace       used 769K, capacity 4480K, committed 4480K, reserved 1056768K
  class space    used 75K, capacity 384K, committed 384K, reserved 1048576K

Card table byte_map: [0x00000000120b0000,0x00000000124b0000] byte_map_base: 0x0000000011ca5000

Marking Bits: (ParMarkBitMap*) 0x000000006314a6d0
 Begin Bits: [0x0000000012b60000, 0x0000000014b08000)
 End Bits:   [0x0000000014b08000, 0x0000000016ab0000)

Polling page: 0x0000000000ee0000

CodeCache: size=245760Kb used=328Kb max_used=328Kb free=245431Kb
 bounds [0x0000000002cf0000, 0x0000000002f60000, 0x0000000011cf0000]
 total_blobs=58 nmethods=0 adapters=38
 compilation: enabled

Compilation events (0 events):
No events

GC Heap History (0 events):
No events

Deoptimization events (0 events):
No events

Internal exceptions (0 events):
No events

Events (10 events):
Event: 0.035 loading class java/lang/Short
Event: 0.035 loading class java/lang/Short done
Event: 0.035 loading class java/lang/Integer
Event: 0.035 loading class java/lang/Integer done
Event: 0.035 loading class java/lang/Long
Event: 0.035 loading class java/lang/Long done
Event: 0.036 loading class java/lang/NullPointerException
Event: 0.036 loading class java/lang/NullPointerException done
Event: 0.036 loading class java/lang/ArithmeticException
Event: 0.036 loading class java/lang/ArithmeticException done


Dynamic libraries:
0x00007ff78ce20000 - 0x00007ff78ce57000 	C:\Program Files\Java\jdk1.8.0_101\bin\java.exe
0x00007ffce1360000 - 0x00007ffce1531000 	C:\WINDOWS\SYSTEM32\ntdll.dll
0x00007ffce10b0000 - 0x00007ffce115b000 	C:\WINDOWS\System32\KERNEL32.DLL
0x00007ffcde2c0000 - 0x00007ffcde4dd000 	C:\WINDOWS\System32\KERNELBASE.dll
0x00007ffcdff40000 - 0x00007ffcdffe2000 	C:\WINDOWS\System32\ADVAPI32.dll
0x00007ffcde900000 - 0x00007ffcde99e000 	C:\WINDOWS\System32\msvcrt.dll
0x00007ffce0d40000 - 0x00007ffce0d99000 	C:\WINDOWS\System32\sechost.dll
0x00007ffce01c0000 - 0x00007ffce02e1000 	C:\WINDOWS\System32\RPCRT4.dll
0x00007ffce0da0000 - 0x00007ffce0f05000 	C:\WINDOWS\System32\USER32.dll
0x00007ffcde1f0000 - 0x00007ffcde20e000 	C:\WINDOWS\System32\win32u.dll
0x00007ffce0cd0000 - 0x00007ffce0d04000 	C:\WINDOWS\System32\GDI32.dll
0x00007ffcde6f0000 - 0x00007ffcde872000 	C:\WINDOWS\System32\gdi32full.dll
0x00007ffcd5720000 - 0x00007ffcd5999000 	C:\WINDOWS\WinSxS\amd64_microsoft.windows.common-controls_6595b64144ccf1df_6.0.14393.447_none_42191651c6827bb3\COMCTL32.dll
0x00007ffce02f0000 - 0x00007ffce05b7000 	C:\WINDOWS\System32\combase.dll
0x00007ffcde4e0000 - 0x00007ffcde5d5000 	C:\WINDOWS\System32\ucrtbase.dll
0x00007ffcde880000 - 0x00007ffcde8ea000 	C:\WINDOWS\System32\bcryptPrimitives.dll
0x00007ffce0d10000 - 0x00007ffce0d3e000 	C:\WINDOWS\System32\IMM32.DLL
0x0000000062850000 - 0x0000000062922000 	C:\Program Files\Java\jdk1.8.0_101\jre\bin\msvcr100.dll
0x0000000062930000 - 0x00000000631ca000 	C:\Program Files\Java\jdk1.8.0_101\jre\bin\server\jvm.dll
0x00007ffcde9a0000 - 0x00007ffcde9a8000 	C:\WINDOWS\System32\PSAPI.DLL
0x00007ffcd0040000 - 0x00007ffcd0049000 	C:\WINDOWS\SYSTEM32\WSOCK32.dll
0x00007ffcdfff0000 - 0x00007ffce005a000 	C:\WINDOWS\System32\WS2_32.dll
0x00007ffcdb6b0000 - 0x00007ffcdb6d3000 	C:\WINDOWS\SYSTEM32\WINMM.dll
0x00007ffcd4c30000 - 0x00007ffcd4c3a000 	C:\WINDOWS\SYSTEM32\VERSION.dll
0x0000000002a20000 - 0x0000000002a4b000 	C:\WINDOWS\SYSTEM32\WINMMBASE.dll
0x00007ffcdd850000 - 0x00007ffcdd892000 	C:\WINDOWS\System32\cfgmgr32.dll
0x0000000064250000 - 0x000000006425f000 	C:\Program Files\Java\jdk1.8.0_101\jre\bin\verify.dll
0x00000000633c0000 - 0x00000000633e9000 	C:\Program Files\Java\jdk1.8.0_101\jre\bin\java.dll
0x00000000633a0000 - 0x00000000633b6000 	C:\Program Files\Java\jdk1.8.0_101\jre\bin\zip.dll

VM Arguments:
jvm_args: -Dfile.encoding=UTF-8 
java_command: project_team6.Project_Team6
java_class_path (initial): E:\Cloud - 281\MEAN\com.mongodb.jar;E:\Cloud - 281\MEAN\javax.ws.rs.jar;C:\Users\sunil\OneDrive\Documents\NetBeansProjects\MultiplayerGame\dist\lib\jackson-annotations-2.8.3.jar;C:\Users\sunil\OneDrive\Documents\NetBeansProjects\MultiplayerGame\dist\lib\jackson-core-2.8.3.jar;C:\Users\sunil\OneDrive\Documents\NetBeansProjects\MultiplayerGame\dist\lib\jackson-databind-2.8.3.jar;C:\Users\sunil\OneDrive\Documents\NetBeansProjects\MultiplayerGame\dist\lib\jackson-dataformat-csv-2.8.3.jar;C:\Users\sunil\OneDrive\Documents\NetBeansProjects\MultiplayerGame\dist\lib\jackson-dataformat-smile-2.8.3.jar;C:\Users\sunil\OneDrive\Documents\NetBeansProjects\MultiplayerGame\dist\lib\jackson-dataformat-xml-2.8.3.jar;C:\Users\sunil\OneDrive\Documents\NetBeansProjects\MultiplayerGame\dist\lib\jackson-dataformat-yaml-2.8.3.jar;C:\Users\sunil\OneDrive\Documents\NetBeansProjects\MultiplayerGame\dist\lib\json.jar;C:\Users\sunil\OneDrive\Documents\NetBeansProjects\MultiplayerGame\dist\lib\org.restlet.jar;C:\Users\sunil\OneDrive\Documents\NetBeansProjects\MultiplayerGame\dist\lib\restlet-jackson.jar;C:\Users\sunil\OneDrive\Documents\NetBeansProjects\MultiplayerGame\dist\lib\restlet-json.jar;C:\Users\sunil\OneDrive\Documents\NetBeansProjects\MultiplayerGame\dist\lib\restlet.jar;C:\Users\sunil\OneDrive\Documents\NetBeansProjects\Project_Team6\build\classes
Launcher Type: SUN_STANDARD

Environment Variables:
JAVA_HOME=C:\Program Files\Java\jdk1.8.0_101
CLASSPATH=E:\Softwareengineering202\RMI;C:\JUnit;C:\Program Files\restlet\lib;C:\data;E:\Softwareengineering202\RESTApp\design\restlet\gumball\build\api;E:\Cloud - 281\MEAN\com.mongodb.jar;E:\Cloud - 281\MEAN;C:\Users\sunil\OneDrive\Documents\GitHub\cmpe202-project\Project_202_Current\build\multiplayerGameServer
PATH=C:\Users\sunil\OneDrive\Documents\GitHub;C:\Program Files (x86)\Intel\iCLS Client\;C:\Program Files\Intel\iCLS Client\;C:\WINDOWS\system32;C:\WINDOWS;C:\WINDOWS\System32\Wbem;C:\WINDOWS\System32\WindowsPowerShell\v1.0\;C:\Program Files (x86)\Intel\Intel(R) Management Engine Components\DAL;C:\Program Files\Intel\Intel(R) Management Engine Components\DAL;C:\Program Files (x86)\Intel\Intel(R) Management Engine Components\IPT;C:\Program Files\Intel\Intel(R) Management Engine Components\IPT;C:\Program Files\Intel\WiFi\bin\;C:\Program Files\Common Files\Intel\WirelessCommon\;C:\Program Files\Java\jdk1.8.0_101\bin;C:\Program Files (x86)\Google\Cloud SDK\google-cloud-sdk\bin;C:\Program Files\Git\cmd;C:\Users\sunil\AppData\Local\Microsoft\WindowsApps; C:\Program Files\Git;;C:\Program Files\Docker Toolbox
USERNAME=sunil
OS=Windows_NT
PROCESSOR_IDENTIFIER=Intel64 Family 6 Model 61 Stepping 4, GenuineIntel



---------------  S Y S T E M  ---------------

OS: Windows 10.0 , 64 bit Build 14393 (10.0.14393.0)

CPU:total 4 (2 cores per cpu, 2 threads per core) family 6 model 61 stepping 4, cmov, cx8, fxsr, mmx, sse, sse2, sse3, ssse3, sse4.1, sse4.2, popcnt, avx, avx2, aes, clmul, erms, 3dnowpref, lzcnt, ht, tsc, tscinvbit, bmi1, bmi2, adx

Memory: 4k page, physical 8297072k(1381812k free), swap 8297072k(5336k free)

vm_info: Java HotSpot(TM) 64-Bit Server VM (25.101-b13) for windows-amd64 JRE (1.8.0_101-b13), built on Jun 22 2016 01:21:29 by "java_re" with MS VC++ 10.0 (VS2010)

time: Sun Nov 20 14:50:16 2016
elapsed time: 0 seconds (0d 0h 0m 0s)

